<?xml version="1.0" encoding="UTF-8"?>
<!-- Generated by org.testng.reporters.JUnitReportReporter -->
<testsuite hostname="IQA-Kapil" name="com.scripts.regTestCases.Login" tests="1" failures="0" timestamp="25 Apr 2018 12:34:04 GMT" time="138.817" errors="0">
  <testcase name="loginWithoutMandatoryFields" time="138.817" classname="com.scripts.regTestCases.Login"/>
</testsuite> <!-- com.scripts.regTestCases.Login -->
