<?xml version="1.0" encoding="UTF-8"?>
<!-- Generated by org.testng.reporters.JUnitReportReporter -->
<testsuite skipped="0" hostname="IQA-MAYANK" name="com.scripts.regTestCases.ManageUsersDA" tests="1" failures="0" timestamp="08 Aug 2018 05:05:15 GMT" time="372.578" errors="0">
  <testcase name="verifyMandatoryFields" time="372.578" classname="com.scripts.regTestCases.ManageUsersDA"/>
</testsuite> <!-- com.scripts.regTestCases.ManageUsersDA -->
