<?xml version="1.0" encoding="UTF-8"?>
<!-- Generated by org.testng.reporters.JUnitReportReporter -->
<testsuite skipped="1" hostname="IQA-MAYANK" name="com.scripts.regTestCases.CandidateDashboard" tests="1" failures="0" timestamp="08 Aug 2018 05:05:15 GMT" time="422.869" errors="0">
  <testcase name="verifyPersonalPlanningRedirections" time="422.869" classname="com.scripts.regTestCases.CandidateDashboard">
    <skipped/>
  </testcase> <!-- verifyPersonalPlanningRedirections -->
</testsuite> <!-- com.scripts.regTestCases.CandidateDashboard -->
