<?xml version="1.0" encoding="UTF-8"?>
<!-- Generated by org.testng.reporters.JUnitReportReporter -->
<testsuite skipped="0" hostname="IQA-MAYANK" name="com.scripts.regTestCases.TMDistJobOrder" tests="1" failures="0" timestamp="08 Aug 2018 05:05:14 GMT" time="221.358" errors="0">
  <testcase name="createJobWithPostingEndDate" time="221.358" classname="com.scripts.regTestCases.TMDistJobOrder"/>
</testsuite> <!-- com.scripts.regTestCases.TMDistJobOrder -->
