<?xml version="1.0" encoding="UTF-8"?>
<!-- Generated by org.testng.reporters.JUnitReportReporter -->
<testsuite skipped="0" hostname="Tushar_Goyal" name="com.scripts.testCases.Manage_Org_Page_TC" tests="1" failures="0" timestamp="11 Sep 2018 10:57:27 GMT" time="52.777" errors="0">
  <testcase name="Testcasedata" time="52.777" classname="com.scripts.testCases.Manage_Org_Page_TC"/>
</testsuite> <!-- com.scripts.testCases.Manage_Org_Page_TC -->
