<?xml version="1.0" encoding="UTF-8"?>
<!-- Generated by org.testng.reporters.JUnitReportReporter -->
<testsuite hostname="qa-mamta" name="com.scripts.regTestCases.DACandidateGrid" tests="1" failures="0" timestamp="24 Apr 2018 10:56:55 GMT" time="0.000" errors="1">
  <testcase name="candidateProfileThroughCG" time="0.000" classname="com.scripts.regTestCases.DACandidateGrid"/>
</testsuite> <!-- com.scripts.regTestCases.DACandidateGrid -->
