<?xml version="1.0" encoding="UTF-8"?>
<!-- Generated by org.testng.reporters.JUnitReportReporter -->
<testsuite hostname="qa-mamta" name="com.scripts.regTestCases.HomePage" tests="1" failures="0" timestamp="24 Apr 2018 10:56:55 GMT" time="25.599" errors="0">
  <testcase name="homeBase" time="25.599" classname="com.scripts.regTestCases.HomePage"/>
</testsuite> <!-- com.scripts.regTestCases.HomePage -->
