<?xml version="1.0" encoding="UTF-8"?>
<!-- Generated by org.testng.reporters.JUnitReportReporter -->
<testsuite hostname="qa-mamta" name="com.scripts.regTestCases.TMImportJobs" tests="1" failures="0" timestamp="24 Apr 2018 10:56:55 GMT" time="0.000" errors="1">
  <testcase name="importJobs" time="0.000" classname="com.scripts.regTestCases.TMImportJobs"/>
</testsuite> <!-- com.scripts.regTestCases.TMImportJobs -->
