<?xml version="1.0" encoding="UTF-8"?>
<!-- Generated by org.testng.reporters.JUnitReportReporter -->
<testsuite hostname="IQA-Kapil" name="com.scripts.regTestCases.DAManageDistrictAccountInformation" tests="1" failures="0" timestamp="6 Jul 2018 12:50:48 GMT" time="261.793" errors="0">
  <testcase name="login" time="261.793" classname="com.scripts.regTestCases.DAManageDistrictAccountInformation"/>
</testsuite> <!-- com.scripts.regTestCases.DAManageDistrictAccountInformation -->
