<?xml version="1.0" encoding="UTF-8"?>
<!-- Generated by org.testng.reporters.JUnitReportReporter -->
<testsuite hostname="qa-mamta" name="com.scripts.regTestCases.ManageUsersDA" tests="1" failures="0" timestamp="24 Apr 2018 10:56:55 GMT" time="337.437" errors="0">
  <testcase name="verifyMandatoryFields" time="337.437" classname="com.scripts.regTestCases.ManageUsersDA"/>
</testsuite> <!-- com.scripts.regTestCases.ManageUsersDA -->
