<?xml version="1.0" encoding="UTF-8"?>
<!-- Generated by org.testng.reporters.JUnitReportReporter -->
<testsuite skipped="1" hostname="IQA-MAYANK" name="com.scripts.regTestCases.TMImportCandidates" tests="1" failures="0" timestamp="08 Aug 2018 05:05:14 GMT" time="56.942" errors="0">
  <testcase name="importCandidates" time="56.942" classname="com.scripts.regTestCases.TMImportCandidates">
    <skipped/>
  </testcase> <!-- importCandidates -->
</testsuite> <!-- com.scripts.regTestCases.TMImportCandidates -->
