<?xml version="1.0" encoding="UTF-8"?>
<!-- Generated by org.testng.reporters.JUnitReportReporter -->
<testsuite hostname="IQA-Kapil" name="com.scripts.regTestCases.TMManageDistrictAccountInformation" tests="1" failures="0" timestamp="6 Jul 2018 12:50:48 GMT" time="498.518" errors="0">
  <testcase name="login" time="498.518" classname="com.scripts.regTestCases.TMManageDistrictAccountInformation"/>
</testsuite> <!-- com.scripts.regTestCases.TMManageDistrictAccountInformation -->
