<?xml version="1.0" encoding="UTF-8"?>
<!-- Generated by org.testng.reporters.JUnitReportReporter -->
<testsuite skipped="0" hostname="IQA-MAYANK" name="com.scripts.regTestCases.DADistJobOrder" tests="1" failures="0" timestamp="08 Aug 2018 05:05:15 GMT" time="230.848" errors="0">
  <testcase name="downloadEXCEL" time="230.848" classname="com.scripts.regTestCases.DADistJobOrder"/>
</testsuite> <!-- com.scripts.regTestCases.DADistJobOrder -->
