<?xml version="1.0" encoding="UTF-8"?>
<!-- Generated by org.testng.reporters.JUnitReportReporter -->
<testsuite hostname="qa-mamta" name="com.scripts.regTestCases.Login" tests="1" failures="0" timestamp="24 Apr 2018 10:56:55 GMT" time="150.492" errors="0">
  <testcase name="loginWithoutMandatoryFields" time="150.492" classname="com.scripts.regTestCases.Login"/>
</testsuite> <!-- com.scripts.regTestCases.Login -->
