<?xml version="1.0" encoding="UTF-8"?>
<!-- Generated by org.testng.reporters.JUnitReportReporter -->
<testsuite hostname="qa-mamta" name="com.scripts.regTestCases.TMImportUsers" tests="1" failures="0" timestamp="24 Apr 2018 10:56:55 GMT" time="0.015" errors="1">
  <testcase name="importUsers" time="0.015" classname="com.scripts.regTestCases.TMImportUsers"/>
</testsuite> <!-- com.scripts.regTestCases.TMImportUsers -->
