<?xml version="1.0" encoding="UTF-8"?>
<!-- Generated by org.testng.reporters.JUnitReportReporter -->
<testsuite hostname="IQA-Kapil" name="com.scripts.regTestCases.ManageUsersDA" tests="1" failures="0" timestamp="26 Apr 2018 12:21:17 GMT" time="359.187" errors="0">
  <testcase name="verifyMandatoryFields" time="359.187" classname="com.scripts.regTestCases.ManageUsersDA"/>
</testsuite> <!-- com.scripts.regTestCases.ManageUsersDA -->
