<?xml version="1.0" encoding="UTF-8"?>
<!-- Generated by org.testng.reporters.JUnitReportReporter -->
<testsuite skipped="0" hostname="IQA-MAYANK" name="com.scripts.regTestCases.Login" tests="1" failures="0" timestamp="08 Aug 2018 05:05:15 GMT" time="32.208" errors="0">
  <testcase name="loginWithoutMandatoryFields" time="32.208" classname="com.scripts.regTestCases.Login"/>
</testsuite> <!-- com.scripts.regTestCases.Login -->
