<?xml version="1.0" encoding="UTF-8"?>
<!-- Generated by org.testng.reporters.JUnitReportReporter -->
<testsuite hostname="IQA-Kapil" name="com.scripts.regTestCases.DADistJobOrder" tests="1" failures="0" timestamp="6 Jul 2018 12:50:48 GMT" time="231.600" errors="0">
  <testcase name="downloadEXCEL" time="231.600" classname="com.scripts.regTestCases.DADistJobOrder"/>
</testsuite> <!-- com.scripts.regTestCases.DADistJobOrder -->
