<?xml version="1.0" encoding="UTF-8"?>
<!-- Generated by org.testng.reporters.JUnitReportReporter -->
<testsuite hostname="IQA-Kapil" name="com.scripts.regTestCases.TMManageDistrictAccountInformation" tests="1" failures="0" timestamp="26 Apr 2018 10:40:27 GMT" time="532.326" errors="0">
  <testcase name="login" time="532.326" classname="com.scripts.regTestCases.TMManageDistrictAccountInformation"/>
</testsuite> <!-- com.scripts.regTestCases.TMManageDistrictAccountInformation -->
