<?xml version="1.0" encoding="UTF-8"?>
<!-- Generated by org.testng.reporters.JUnitReportReporter -->
<testsuite hostname="qa-mamta" name="com.scripts.regTestCases.CandidatePortfolio" tests="1" failures="0" timestamp="24 Apr 2018 10:56:55 GMT" time="602.674" errors="0">
  <testcase name="personalInfo" time="602.674" classname="com.scripts.regTestCases.CandidatePortfolio"/>
</testsuite> <!-- com.scripts.regTestCases.CandidatePortfolio -->
