<?xml version="1.0" encoding="UTF-8"?>
<!-- Generated by org.testng.reporters.JUnitReportReporter -->
<testsuite skipped="0" hostname="Tushar_Goyal" name="com.scripts.testCases.Login" tests="1" failures="0" timestamp="11 Sep 2018 10:57:27 GMT" time="15.437" errors="0">
  <testcase name="SA_1696" time="15.437" classname="com.scripts.testCases.Login"/>
</testsuite> <!-- com.scripts.testCases.Login -->
