<?xml version="1.0" encoding="UTF-8"?>
<!-- Generated by org.testng.reporters.JUnitReportReporter -->
<testsuite hostname="IQA-Kapil" name="com.scripts.regTestCases.HomePage" tests="1" failures="0" timestamp="26 Apr 2018 12:21:17 GMT" time="26.094" errors="0">
  <testcase name="homeBase" time="26.094" classname="com.scripts.regTestCases.HomePage"/>
</testsuite> <!-- com.scripts.regTestCases.HomePage -->
