<?xml version="1.0" encoding="UTF-8"?>
<!-- Generated by org.testng.reporters.JUnitReportReporter -->
<testsuite hostname="IQA-Kapil" name="com.scripts.regTestCases.ManageUsersDA" tests="1" failures="0" timestamp="6 Jul 2018 12:50:48 GMT" time="326.366" errors="0">
  <testcase name="verifyMandatoryFields" time="326.366" classname="com.scripts.regTestCases.ManageUsersDA"/>
</testsuite> <!-- com.scripts.regTestCases.ManageUsersDA -->
