<?xml version="1.0" encoding="UTF-8"?>
<!-- Generated by org.testng.reporters.JUnitReportReporter -->
<testsuite skipped="0" hostname="Tushar_Goyal" name="com.scripts.testCases.HomePage" tests="1" failures="0" timestamp="11 Sep 2018 10:57:27 GMT" time="12.665" errors="0">
  <testcase name="homeBase" time="12.665" classname="com.scripts.testCases.HomePage"/>
</testsuite> <!-- com.scripts.testCases.HomePage -->
