<?xml version="1.0" encoding="UTF-8"?>
<!-- Generated by org.testng.reporters.JUnitReportReporter -->
<testsuite hostname="IQA-Kapil" name="com.scripts.regTestCases.JobPreferences" tests="1" failures="0" timestamp="6 Jul 2018 12:50:48 GMT" time="31.611" errors="0">
  <testcase name="setJobPreferences" time="31.611" classname="com.scripts.regTestCases.JobPreferences"/>
</testsuite> <!-- com.scripts.regTestCases.JobPreferences -->
