<?xml version="1.0" encoding="UTF-8"?>
<!-- Generated by org.testng.reporters.JUnitReportReporter -->
<testsuite hostname="qa-mamta" name="com.scripts.regTestCases.JobPreferences" tests="1" failures="0" timestamp="24 Apr 2018 10:56:55 GMT" time="65.075" errors="0">
  <testcase name="setJobPreferences" time="65.075" classname="com.scripts.regTestCases.JobPreferences"/>
</testsuite> <!-- com.scripts.regTestCases.JobPreferences -->
