<?xml version="1.0" encoding="UTF-8"?>
<!-- Generated by org.testng.reporters.JUnitReportReporter -->
<testsuite hostname="IQA-Kapil" name="com.scripts.regTestCases.TMDistJobOrder" tests="1" failures="0" timestamp="6 Jul 2018 12:50:48 GMT" time="222.806" errors="0">
  <testcase name="createJobWithPostingEndDate" time="222.806" classname="com.scripts.regTestCases.TMDistJobOrder"/>
</testsuite> <!-- com.scripts.regTestCases.TMDistJobOrder -->
