<?xml version="1.0" encoding="UTF-8"?>
<!-- Generated by org.testng.reporters.JUnitReportReporter -->
<testsuite skipped="1" hostname="IQA-MAYANK" name="com.scripts.regTestCases.CandidatePortfolio" tests="1" failures="0" timestamp="08 Aug 2018 05:05:14 GMT" time="473.290" errors="0">
  <testcase name="personalInfo" time="473.290" classname="com.scripts.regTestCases.CandidatePortfolio">
    <skipped/>
  </testcase> <!-- personalInfo -->
</testsuite> <!-- com.scripts.regTestCases.CandidatePortfolio -->
