<?xml version="1.0" encoding="UTF-8"?>
<!-- Generated by org.testng.reporters.JUnitReportReporter -->
<testsuite skipped="0" hostname="IQA-MAYANK" name="com.scripts.regTestCases.TMManageDistrictAccountInformation" tests="1" failures="0" timestamp="08 Aug 2018 05:05:14 GMT" time="577.624" errors="0">
  <testcase name="login" time="577.624" classname="com.scripts.regTestCases.TMManageDistrictAccountInformation"/>
</testsuite> <!-- com.scripts.regTestCases.TMManageDistrictAccountInformation -->
