<?xml version="1.0" encoding="UTF-8"?>
<!-- Generated by org.testng.reporters.JUnitReportReporter -->
<testsuite skipped="0" hostname="IQA-MAYANK" name="com.scripts.regTestCases.HomePage" tests="1" failures="0" timestamp="08 Aug 2018 05:05:15 GMT" time="29.955" errors="0">
  <testcase name="homeBase" time="29.955" classname="com.scripts.regTestCases.HomePage"/>
</testsuite> <!-- com.scripts.regTestCases.HomePage -->
