<?xml version="1.0" encoding="UTF-8"?>
<!-- Generated by org.testng.reporters.JUnitReportReporter -->
<testsuite skipped="0" hostname="IQA-MAYANK" name="com.scripts.regTestCases.DAManageDistrictAccountInformation" tests="1" failures="0" timestamp="08 Aug 2018 05:05:14 GMT" time="349.276" errors="0">
  <testcase name="login" time="349.276" classname="com.scripts.regTestCases.DAManageDistrictAccountInformation"/>
</testsuite> <!-- com.scripts.regTestCases.DAManageDistrictAccountInformation -->
