<?xml version="1.0" encoding="UTF-8"?>
<!-- Generated by org.testng.reporters.JUnitReportReporter -->
<testsuite hostname="IQA-Kapil" name="com.scripts.regTestCases.CandidateSignUp" tests="1" failures="0" timestamp="26 Apr 2018 12:21:17 GMT" time="179.047" errors="0">
  <testcase name="candidateSignUp" time="179.047" classname="com.scripts.regTestCases.CandidateSignUp"/>
</testsuite> <!-- com.scripts.regTestCases.CandidateSignUp -->
