<?xml version="1.0" encoding="UTF-8"?>
<!-- Generated by org.testng.reporters.JUnitReportReporter -->
<testsuite skipped="0" hostname="IQA-MAYANK" name="com.scripts.regTestCases.JobPreferences" tests="1" failures="0" timestamp="08 Aug 2018 05:05:15 GMT" time="36.403" errors="0">
  <testcase name="setJobPreferences" time="36.403" classname="com.scripts.regTestCases.JobPreferences"/>
</testsuite> <!-- com.scripts.regTestCases.JobPreferences -->
