<?xml version="1.0" encoding="UTF-8"?>
<!-- Generated by org.testng.reporters.JUnitReportReporter -->
<testsuite hostname="IQA-Kapil" name="com.scripts.regTestCases.TMDistJobOrder" tests="1" failures="0" timestamp="26 Apr 2018 12:21:17 GMT" time="315.981" errors="0">
  <testcase name="createJobWithPostingEndDate" time="315.981" classname="com.scripts.regTestCases.TMDistJobOrder"/>
</testsuite> <!-- com.scripts.regTestCases.TMDistJobOrder -->
