<?xml version="1.0" encoding="UTF-8"?>
<!-- Generated by org.testng.reporters.JUnitReportReporter -->
<testsuite hostname="IQA-Kapil" name="com.scripts.regTestCases.TMImportCandidates" tests="1" failures="0" timestamp="6 Jul 2018 12:50:48 GMT" time="123.380" errors="0">
  <testcase name="importCandidates" time="123.380" classname="com.scripts.regTestCases.TMImportCandidates"/>
</testsuite> <!-- com.scripts.regTestCases.TMImportCandidates -->
