<?xml version="1.0" encoding="UTF-8"?>
<!-- Generated by org.testng.reporters.JUnitReportReporter -->
<testsuite hostname="IQA-Kapil" name="com.scripts.regTestCases.Login" tests="1" failures="0" timestamp="6 Jul 2018 12:50:48 GMT" time="134.627" errors="0">
  <testcase name="loginWithoutMandatoryFields" time="134.627" classname="com.scripts.regTestCases.Login"/>
</testsuite> <!-- com.scripts.regTestCases.Login -->
