<?xml version="1.0" encoding="UTF-8"?>
<!-- Generated by org.testng.reporters.JUnitReportReporter -->
<testsuite hostname="IQA-Kapil" name="com.scripts.regTestCases.JobPreferences" tests="1" failures="0" timestamp="26 Apr 2018 12:21:17 GMT" time="36.554" errors="0">
  <testcase name="setJobPreferences" time="36.554" classname="com.scripts.regTestCases.JobPreferences"/>
</testsuite> <!-- com.scripts.regTestCases.JobPreferences -->
